C:\Users\NOTE-06\Source\Repos\jennicg\Agenda-Medica\Agenda-Medica\ClientApp\dist\out-tsc\e2e\app.po.js
C:\Users\NOTE-06\Source\Repos\jennicg\Agenda-Medica\Agenda-Medica\ClientApp\dist\out-tsc\e2e\app.po.js.map
C:\Users\NOTE-06\Source\Repos\jennicg\Agenda-Medica\Agenda-Medica\ClientApp\dist\out-tsc\e2e\app.e2e-spec.js
C:\Users\NOTE-06\Source\Repos\jennicg\Agenda-Medica\Agenda-Medica\ClientApp\dist\out-tsc\e2e\app.e2e-spec.js.map
C:\Users\NOTE-06\Source\Repos\jennicg\Agenda-Medica\Agenda-Medica\ClientApp\dist\out-tsc\src\app\app.component.js
C:\Users\NOTE-06\Source\Repos\jennicg\Agenda-Medica\Agenda-Medica\ClientApp\dist\out-tsc\src\app\app.component.js.map
C:\Users\NOTE-06\Source\Repos\jennicg\Agenda-Medica\Agenda-Medica\ClientApp\dist\out-tsc\src\app\nav-menu\nav-menu.component.js
C:\Users\NOTE-06\Source\Repos\jennicg\Agenda-Medica\Agenda-Medica\ClientApp\dist\out-tsc\src\app\nav-menu\nav-menu.component.js.map
C:\Users\NOTE-06\Source\Repos\jennicg\Agenda-Medica\Agenda-Medica\ClientApp\dist\out-tsc\src\app\home\home.component.js
C:\Users\NOTE-06\Source\Repos\jennicg\Agenda-Medica\Agenda-Medica\ClientApp\dist\out-tsc\src\app\home\home.component.js.map
C:\Users\NOTE-06\Source\Repos\jennicg\Agenda-Medica\Agenda-Medica\ClientApp\dist\out-tsc\src\app\fetch-client\fetch-client.component.js
C:\Users\NOTE-06\Source\Repos\jennicg\Agenda-Medica\Agenda-Medica\ClientApp\dist\out-tsc\src\app\fetch-client\fetch-client.component.js.map
C:\Users\NOTE-06\Source\Repos\jennicg\Agenda-Medica\Agenda-Medica\ClientApp\dist\out-tsc\src\app\fetch-tasks\fetch-tasks.component.js
C:\Users\NOTE-06\Source\Repos\jennicg\Agenda-Medica\Agenda-Medica\ClientApp\dist\out-tsc\src\app\fetch-tasks\fetch-tasks.component.js.map
C:\Users\NOTE-06\Source\Repos\jennicg\Agenda-Medica\Agenda-Medica\ClientApp\dist\out-tsc\src\app\add-client\add-client.component.js
C:\Users\NOTE-06\Source\Repos\jennicg\Agenda-Medica\Agenda-Medica\ClientApp\dist\out-tsc\src\app\add-client\add-client.component.js.map
C:\Users\NOTE-06\Source\Repos\jennicg\Agenda-Medica\Agenda-Medica\ClientApp\dist\out-tsc\src\app\add-tasks\add-tasks.component.js
C:\Users\NOTE-06\Source\Repos\jennicg\Agenda-Medica\Agenda-Medica\ClientApp\dist\out-tsc\src\app\add-tasks\add-tasks.component.js.map
C:\Users\NOTE-06\Source\Repos\jennicg\Agenda-Medica\Agenda-Medica\ClientApp\dist\out-tsc\src\app\app.module.js
C:\Users\NOTE-06\Source\Repos\jennicg\Agenda-Medica\Agenda-Medica\ClientApp\dist\out-tsc\src\app\app.module.js.map
C:\Users\NOTE-06\Source\Repos\jennicg\Agenda-Medica\Agenda-Medica\ClientApp\dist\out-tsc\src\environments\environment.js
C:\Users\NOTE-06\Source\Repos\jennicg\Agenda-Medica\Agenda-Medica\ClientApp\dist\out-tsc\src\environments\environment.js.map
C:\Users\NOTE-06\Source\Repos\jennicg\Agenda-Medica\Agenda-Medica\ClientApp\dist\out-tsc\src\main.js
C:\Users\NOTE-06\Source\Repos\jennicg\Agenda-Medica\Agenda-Medica\ClientApp\dist\out-tsc\src\main.js.map
C:\Users\NOTE-06\Source\Repos\jennicg\Agenda-Medica\Agenda-Medica\ClientApp\dist\out-tsc\src\polyfills.js
C:\Users\NOTE-06\Source\Repos\jennicg\Agenda-Medica\Agenda-Medica\ClientApp\dist\out-tsc\src\polyfills.js.map
C:\Users\NOTE-06\Source\Repos\jennicg\Agenda-Medica\Agenda-Medica\ClientApp\dist\out-tsc\src\test.js
C:\Users\NOTE-06\Source\Repos\jennicg\Agenda-Medica\Agenda-Medica\ClientApp\dist\out-tsc\src\test.js.map
C:\Users\NOTE-06\Source\Repos\jennicg\Agenda-Medica\Agenda-Medica\ClientApp\dist\out-tsc\src\environments\environment.prod.js
C:\Users\NOTE-06\Source\Repos\jennicg\Agenda-Medica\Agenda-Medica\ClientApp\dist\out-tsc\src\environments\environment.prod.js.map
